<?xml version="1.0" encoding="UTF-8"?>
<!-- Generated by org.testng.reporters.JUnitReportReporter -->
<testsuite skipped="1" hostname="HP-PC" name="pageobj.Testcases" tests="1" failures="0" timestamp="2022-03-17T11:53:33 IST" time="0.000" errors="0">
  <testcase name="login" time="0.000" classname="pageobj.Testcases">
    <skipped/>
  </testcase> <!-- login -->
  <system-out/>
</testsuite> <!-- pageobj.Testcases -->
